<?xml version="1.0" encoding="UTF-8"?>
<!-- Generated by org.testng.reporters.JUnitReportReporter -->
<testsuite hostname="EPINHYDW0C0A" failures="0" tests="4" name="testng.FirstTestCase1" time="0.027" errors="0" timestamp="2024-11-06T20:18:58 IST" skipped="0">
  <testcase classname="testng.FirstTestCase1" name="addCustomer" time="0.022"/>
  <system-out/>
  <testcase classname="testng.FirstTestCase1" name="setUp" time="0.002"/>
  <system-out/>
  <testcase classname="testng.FirstTestCase1" name="login" time="0.002"/>
  <system-out/>
  <testcase classname="testng.FirstTestCase1" name="tearDown" time="0.001"/>
  <system-out/>
</testsuite> <!-- testng.FirstTestCase1 -->
