<?xml version="1.0" encoding="UTF-8"?>
<!-- Generated by org.testng.reporters.JUnitReportReporter -->
<testsuite hostname="EPINHYDW0C0A" failures="0" tests="1" name="com.locaters.DropDownsDemo" time="19.508" errors="0" timestamp="2022-01-05T21:40:03 IST" skipped="0">
  <testcase classname="com.locaters.DropDownsDemo" name="dropDowns" time="19.508"/>
  <system-out/>
</testsuite> <!-- com.locaters.DropDownsDemo -->
