<?xml version="1.0" encoding="UTF-8"?>
<!-- Generated by org.testng.reporters.JUnitReportReporter -->
<testsuite hostname="EPINHYDW0C0A" failures="0" tests="6" name="com.epam.testng.GroupingExample" time="0.082" errors="0" timestamp="2024-07-03T17:21:07 IST" skipped="0">
  <testcase classname="com.epam.testng.GroupingExample" name="test2" time="0.010"/>
  <system-out/>
  <testcase classname="com.epam.testng.GroupingExample" name="test3" time="0.017"/>
  <system-out/>
  <testcase classname="com.epam.testng.GroupingExample" name="test5" time="0.006"/>
  <system-out/>
  <testcase classname="com.epam.testng.GroupingExample" name="test6" time="0.003"/>
  <system-out/>
  <testcase classname="com.epam.testng.GroupingExample" name="test4" time="0.005"/>
  <system-out/>
  <testcase classname="com.epam.testng.GroupingExample" name="test1" time="0.041"/>
  <system-out/>
</testsuite> <!-- com.epam.testng.GroupingExample -->
