<?xml version="1.0" encoding="UTF-8"?>
<!-- Generated by org.testng.reporters.JUnitReportReporter -->
<testsuite hostname="EPINHYDW0C0A" failures="0" tests="4" name="com.epam.testng.PriorityEnabledDemo" time="0.008" errors="0" timestamp="2021-12-22T12:59:28 IST" skipped="1">
  <testcase classname="com.epam.testng.PriorityEnabledDemo" name="testOne" time="0.006"/>
  <system-out/>
  <testcase classname="com.epam.testng.PriorityEnabledDemo" name="testTwo" time="0.001"/>
  <system-out/>
  <testcase classname="com.epam.testng.PriorityEnabledDemo" name="testThree" time="0.001"/>
  <system-out/>
  <testcase classname="com.epam.testng.PriorityEnabledDemo" name="testFour">
    <skipped/>
  </testcase> <!-- testFour -->
  <system-out/>
</testsuite> <!-- com.epam.testng.PriorityEnabledDemo -->
