<?xml version="1.0" encoding="UTF-8"?>
<!-- Generated by org.testng.reporters.JUnitReportReporter -->
<testsuite hostname="EPINHYDW0C0A" failures="0" tests="2" name="com.epam.testng.TestngAnnotationsDemo" time="0.007" errors="0" timestamp="2022-01-06T17:13:02 IST" skipped="0">
  <testcase classname="com.epam.testng.TestngAnnotationsDemo" name="test1" time="0.005"/>
  <system-out/>
  <testcase classname="com.epam.testng.TestngAnnotationsDemo" name="test2" time="0.002"/>
  <system-out/>
</testsuite> <!-- com.epam.testng.TestngAnnotationsDemo -->
