<?xml version="1.0" encoding="UTF-8"?>
<!-- Generated by org.testng.reporters.JUnitReportReporter -->
<testsuite hostname="EPINHYDW0C0A" failures="0" tests="3" name="dataprovider.TestClass" time="0.006" errors="0" timestamp="2021-12-23T21:55:07 IST" skipped="0">
  <testcase classname="dataprovider.TestClass" name="loginTest" time="0.001"/>
  <system-out/>
  <testcase classname="dataprovider.TestClass" name="loginTest" time="0.001"/>
  <system-out/>
  <testcase classname="dataprovider.TestClass" name="loginTest" time="0.004"/>
  <system-out/>
</testsuite> <!-- dataprovider.TestClass -->
