<?xml version="1.0" encoding="UTF-8"?>
<!-- Generated by org.testng.reporters.JUnitReportReporter -->
<testsuite hostname="EPINHYDW0C0A" failures="0" tests="2" name="com.epam.testng.TestngAnnotationsDemo2" time="0.003" errors="0" timestamp="2021-12-22T12:48:25 IST" skipped="0">
  <testcase classname="com.epam.testng.TestngAnnotationsDemo2" name="test3" time="0.002"/>
  <system-out/>
  <testcase classname="com.epam.testng.TestngAnnotationsDemo2" name="test4" time="0.001"/>
  <system-out/>
</testsuite> <!-- com.epam.testng.TestngAnnotationsDemo2 -->
