<?xml version="1.0" encoding="UTF-8"?>
<!-- Generated by org.testng.reporters.JUnitReportReporter -->
<testsuite hostname="EPINHYDW0C0A" failures="0" tests="2" name="com.epam.testng.TestngAnnotationsDemo" time="0.030" errors="0" timestamp="2024-07-03T17:49:34 IST" skipped="0">
  <testcase classname="com.epam.testng.TestngAnnotationsDemo" name="test1" time="0.021"/>
  <system-out/>
  <testcase classname="com.epam.testng.TestngAnnotationsDemo" name="test2" time="0.009"/>
  <system-out/>
</testsuite> <!-- com.epam.testng.TestngAnnotationsDemo -->
