<?xml version="1.0" encoding="UTF-8"?>
<!-- Generated by org.testng.reporters.JUnitReportReporter -->
<testsuite hostname="EPINHYDW0C0A" failures="0" tests="3" name="com.epam.testng.GroupingExample" time="0.007" errors="0" timestamp="2021-12-23T20:10:38 IST" skipped="0">
  <testcase classname="com.epam.testng.GroupingExample" name="test2" time="0.001"/>
  <system-out/>
  <testcase classname="com.epam.testng.GroupingExample" name="test1" time="0.005"/>
  <system-out/>
  <testcase classname="com.epam.testng.GroupingExample" name="test3" time="0.001"/>
  <system-out/>
</testsuite> <!-- com.epam.testng.GroupingExample -->
