<?xml version="1.0" encoding="UTF-8"?>
<!-- Generated by org.testng.reporters.JUnitReportReporter -->
<testsuite hostname="EPINHYDW0C0A" failures="0" tests="1" name="authenticationTypes.BearerAuthentication" time="4.480" errors="0" timestamp="2024-12-03T20:36:11 IST" skipped="0">
  <testcase classname="authenticationTypes.BearerAuthentication" name="bearerAuthentication" time="4.480"/>
</testsuite> <!-- authenticationTypes.BearerAuthentication -->
