<?xml version="1.0" encoding="UTF-8"?>
<!-- Generated by org.testng.reporters.JUnitReportReporter -->
<testsuite hostname="EPINHYDW0C0A" failures="0" tests="1" name="serializationAndDeserialization.SerializationExample" time="0.412" errors="0" timestamp="2024-12-03T16:22:26 IST" skipped="0">
  <testcase classname="serializationAndDeserialization.SerializationExample" name="serializationOfDataFromPojoToJson" time="0.412"/>
</testsuite> <!-- serializationAndDeserialization.SerializationExample -->
