<?xml version="1.0" encoding="UTF-8"?>
<!-- Generated by org.testng.reporters.JUnitReportReporter -->
<testsuite hostname="EPINHYDW0C0A" failures="0" tests="1" name="parsingResponseBody.ValidatingResponseBody" time="1.807" errors="0" timestamp="2024-12-02T18:17:13 IST" skipped="0">
  <testcase classname="parsingResponseBody.ValidatingResponseBody" name="validatingResponseBody" time="1.807"/>
</testsuite> <!-- parsingResponseBody.ValidatingResponseBody -->
