<?xml version="1.0" encoding="UTF-8"?>
<!-- Generated by org.testng.reporters.JUnitReportReporter -->
<testsuite hostname="EPINHYDW0C0A" failures="0" tests="3" name="authenticationTypes.Basic_Digest_Preempive_Authentications" time="9.253" errors="0" timestamp="2024-12-03T18:42:37 IST" skipped="0">
  <testcase classname="authenticationTypes.Basic_Digest_Preempive_Authentications" name="preempiveAuthentication" time="1.610"/>
  <testcase classname="authenticationTypes.Basic_Digest_Preempive_Authentications" name="digestAuthentication" time="1.757"/>
  <testcase classname="authenticationTypes.Basic_Digest_Preempive_Authentications" name="basicAuthentication" time="5.886"/>
</testsuite> <!-- authenticationTypes.Basic_Digest_Preempive_Authentications -->
