<?xml version="1.0" encoding="UTF-8"?>
<!-- Generated by org.testng.reporters.JUnitReportReporter -->
<testsuite hostname="EPINHYDW0C0A" failures="0" tests="1" name="pathAndQueryParameters.CookiesExample" time="3.049" errors="0" timestamp="2024-11-30T23:45:39 IST" skipped="0">
  <testcase classname="pathAndQueryParameters.CookiesExample" name="getCookiesInfo" time="3.049"/>
</testsuite> <!-- pathAndQueryParameters.CookiesExample -->
