<?xml version="1.0" encoding="UTF-8"?>
<!-- Generated by org.testng.reporters.JUnitReportReporter -->
<testsuite hostname="EPINHYDW0C0A" failures="0" tests="1" name="serializationAndDeserialization.DeserializationExample" time="0.342" errors="0" timestamp="2024-12-03T16:32:17 IST" skipped="0">
  <testcase classname="serializationAndDeserialization.DeserializationExample" name="deserializationOfDataFromJsonToPojo" time="0.342"/>
</testsuite> <!-- serializationAndDeserialization.DeserializationExample -->
