<?xml version="1.0" encoding="UTF-8"?>
<!-- Generated by org.testng.reporters.JUnitReportReporter -->
<testsuite hostname="EPINHYDW0C0A" failures="0" tests="1" name="HeadersExample" time="3.441" errors="0" timestamp="2024-11-30T23:59:03 IST" skipped="0">
  <testcase classname="HeadersExample" name="getHeaders" time="3.441"/>
</testsuite> <!-- HeadersExample -->
