<?xml version="1.0" encoding="UTF-8"?>
<!-- Generated by org.testng.reporters.JUnitReportReporter -->
<testsuite hostname="EPINHYDW0C0A" failures="0" tests="1" name="pathAndQueryParameters.PathAndQueryParamExample1" time="2.760" errors="0" timestamp="2024-11-30T20:37:37 IST" skipped="0">
  <testcase classname="pathAndQueryParameters.PathAndQueryParamExample1" name="testPathAndQueryParam" time="2.760"/>
</testsuite> <!-- pathAndQueryParameters.PathAndQueryParamExample1 -->
