<?xml version="1.0" encoding="UTF-8"?>
<!-- Generated by org.testng.reporters.JUnitReportReporter -->
<testsuite hostname="EPINHYDW0C0A" failures="0" tests="1" name="authenticationTypes.OAuth2Authentication" time="4.368" errors="0" timestamp="2024-12-03T20:44:10 IST" skipped="0">
  <testcase classname="authenticationTypes.OAuth2Authentication" name="oauth2Authentication" time="4.368"/>
</testsuite> <!-- authenticationTypes.OAuth2Authentication -->
