<?xml version="1.0" encoding="UTF-8"?>
<!-- Generated by org.testng.reporters.JUnitReportReporter -->
<testsuite hostname="EPINHYDW0C0A" failures="0" tests="4" name="firstTestCase.HttpRequests" time="4.910" errors="0" timestamp="2024-11-29T16:33:39 IST" skipped="0">
  <testcase classname="firstTestCase.HttpRequests" name="getRequest" time="3.225"/>
  <testcase classname="firstTestCase.HttpRequests" name="postRequest" time="0.869"/>
  <testcase classname="firstTestCase.HttpRequests" name="putRequest" time="0.430"/>
  <testcase classname="firstTestCase.HttpRequests" name="deleteRequest" time="0.386"/>
</testsuite> <!-- firstTestCase.HttpRequests -->
