<?xml version="1.0" encoding="UTF-8"?>
<!-- Generated by org.testng.reporters.JUnitReportReporter -->
<testsuite hostname="EPINHYDW0C0A" failures="0" tests="1" name="authenticationTypes.ApiKeyAuthentication" time="5.390" errors="0" timestamp="2024-12-03T20:56:37 IST" skipped="0">
  <testcase classname="authenticationTypes.ApiKeyAuthentication" name="apiKeyAuthentication" time="5.390"/>
</testsuite> <!-- authenticationTypes.ApiKeyAuthentication -->
