<?xml version="1.0" encoding="UTF-8"?>
<!-- Generated by org.testng.reporters.JUnitReportReporter -->
<testsuite hostname="EPINHYDW0C0A" failures="0" tests="1" name="pathAndQueryParameters.HeadersExample" time="3.912" errors="0" timestamp="2024-12-01T00:00:05 IST" skipped="0">
  <testcase classname="pathAndQueryParameters.HeadersExample" name="getHeaders" time="3.912"/>
</testsuite> <!-- pathAndQueryParameters.HeadersExample -->
