<?xml version="1.0" encoding="UTF-8"?>
<!-- Generated by org.testng.reporters.JUnitReportReporter -->
<testsuite hostname="EPINHYDW0C0A" failures="0" tests="2" name="diffWaysToCreatePostReqInRestAssured.PostReqWithExternalJsonFile" time="4.709" errors="0" timestamp="2024-11-30T18:35:35 IST" skipped="0">
  <testcase classname="diffWaysToCreatePostReqInRestAssured.PostReqWithExternalJsonFile" name="postReqWithExternalJF" time="4.552"/>
  <testcase classname="diffWaysToCreatePostReqInRestAssured.PostReqWithExternalJsonFile" name="deleteJOPostReq" time="0.157"/>
</testsuite> <!-- diffWaysToCreatePostReqInRestAssured.PostReqWithExternalJsonFile -->
