<?xml version="1.0" encoding="UTF-8"?>
<!-- Generated by org.testng.reporters.JUnitReportReporter -->
<testsuite hostname="EPINHYDW0C0A" failures="0" tests="2" name="diffWaysToCreatePostReqInRestAssured.PostReqWithPOJO" time="5.522" errors="0" timestamp="2024-11-30T18:20:44 IST" skipped="0">
  <testcase classname="diffWaysToCreatePostReqInRestAssured.PostReqWithPOJO" name="postReqWithJO" time="5.384"/>
  <testcase classname="diffWaysToCreatePostReqInRestAssured.PostReqWithPOJO" name="deleteJOPostReq" time="0.138"/>
</testsuite> <!-- diffWaysToCreatePostReqInRestAssured.PostReqWithPOJO -->
