<?xml version="1.0" encoding="UTF-8"?>
<!-- Generated by org.testng.reporters.JUnitReportReporter -->
<testsuite hostname="EPINHYDW0C0A" failures="0" tests="2" name="diffWaysToCreatePostReqInRestAssured.PostReqWithHashMap" time="3.194" errors="0" timestamp="2024-11-30T13:38:29 IST" skipped="0">
  <testcase classname="diffWaysToCreatePostReqInRestAssured.PostReqWithHashMap" name="postReqWithHM" time="3.106"/>
  <testcase classname="diffWaysToCreatePostReqInRestAssured.PostReqWithHashMap" name="deleteHMPostReq" time="0.088"/>
</testsuite> <!-- diffWaysToCreatePostReqInRestAssured.PostReqWithHashMap -->
