<?xml version="1.0" encoding="UTF-8"?>
<!-- Generated by org.testng.reporters.JUnitReportReporter -->
<testsuite hostname="EPINHYDW0C0A" failures="0" tests="2" name="diffWaysToCreatePostReqInRestAssured.PostReqWithJsonObject" time="2.208" errors="0" timestamp="2024-11-30T14:16:07 IST" skipped="0">
  <testcase classname="diffWaysToCreatePostReqInRestAssured.PostReqWithJsonObject" name="postReqWithJO" time="2.131"/>
  <testcase classname="diffWaysToCreatePostReqInRestAssured.PostReqWithJsonObject" name="deleteJOPostReq" time="0.077"/>
</testsuite> <!-- diffWaysToCreatePostReqInRestAssured.PostReqWithJsonObject -->
