<?xml version="1.0" encoding="UTF-8"?>
<!-- Generated by org.testng.reporters.JUnitReportReporter -->
<testsuite hostname="EPINHYDW0C0A" failures="0" tests="1" name="parsingResponseBodyOfXml.ValidatingXmlResponseBody" time="2.571" errors="0" timestamp="2024-12-03T08:22:40 IST" skipped="0">
  <testcase classname="parsingResponseBodyOfXml.ValidatingXmlResponseBody" name="validatingResponseBodyOfXML" time="2.571"/>
</testsuite> <!-- parsingResponseBodyOfXml.ValidatingXmlResponseBody -->
