<?xml version="1.0" encoding="UTF-8"?>
<!-- Generated by org.testng.reporters.JUnitReportReporter -->
<testsuite hostname="EPINHYDW0C0A" failures="0" tests="1" name="jsonSchemaValidation.JsonSchemaValidation" time="4.069" errors="0" timestamp="2024-12-03T12:58:32 IST" skipped="0">
  <testcase classname="jsonSchemaValidation.JsonSchemaValidation" name="validateJsonSchema" time="4.069"/>
</testsuite> <!-- jsonSchemaValidation.JsonSchemaValidation -->
