<?xml version="1.0" encoding="UTF-8"?>
<!-- Generated by org.testng.reporters.JUnitReportReporter -->
<testsuite hostname="EPINHYDW0C0A" failures="0" tests="1" name="cs.csharp.Demo" time="17.044" errors="0" timestamp="2022-02-04T12:38:58 IST" skipped="0">
  <testcase classname="cs.csharp.Demo" name="openBrowser" time="17.044"/>
  <system-out/>
</testsuite> <!-- cs.csharp.Demo -->
