<?xml version="1.0" encoding="UTF-8"?>
<!-- Generated by org.testng.reporters.JUnitReportReporter -->
<testsuite hostname="EPINHYDW0C0A" failures="0" tests="1" name="rest.Demo1" time="1.863" errors="0" timestamp="2022-01-05T16:13:13 IST" skipped="0">
  <testcase classname="rest.Demo1" name="getWeatherDetails" time="1.863"/>
  <system-out/>
</testsuite> <!-- rest.Demo1 -->
